0 info it worked if it ends with ok
1 verbose cli [ 'c:\\Program Files\\nodejs\\node.exe',
1 verbose cli   'c:\\Program Files\\nodejs\\node_modules\\npm\\bin\\npm-cli.js',
1 verbose cli   'install',
1 verbose cli   '-g',
1 verbose cli   'protractor' ]
2 info using npm@2.1.3
3 info using node@v0.10.32
4 silly cache add args [ 'protractor', null ]
5 verbose cache add spec protractor
6 silly cache add parsed spec { raw: 'protractor',
6 silly cache add   scope: null,
6 silly cache add   name: 'protractor',
6 silly cache add   rawSpec: '',
6 silly cache add   spec: '*',
6 silly cache add   type: 'range' }
7 verbose addNamed protractor@*
8 verbose addNamed protractor@* not in flight; adding
9 silly addNamed semver.valid null
10 silly addNamed semver.validRange *
11 silly addNameRange { name: 'protractor', range: '*', hasData: false }
12 verbose mapToRegistry name protractor
13 verbose mapToRegistry uri https://registry.npmjs.org/protractor
14 verbose request on initialization, where is /protractor
15 verbose request after pass 1, where is /protractor
16 verbose request url raw /protractor
17 verbose request resolving registry [ 'https://registry.npmjs.org/', './protractor' ]
18 verbose request after pass 2, where is https://registry.npmjs.org/protractor
19 verbose request no auth needed
20 info attempt registry request try #1 at 21:52:41
21 verbose request id b5bc39410fec5fd0
22 http request GET https://registry.npmjs.org/protractor
23 http 200 https://registry.npmjs.org/protractor
24 silly registry.get cb [ 200,
24 silly registry.get   { date: 'Tue, 02 Dec 2014 02:52:40 GMT',
24 silly registry.get     server: 'CouchDB/1.5.0 (Erlang OTP/R16B03)',
24 silly registry.get     etag: '"74MQ6KM8LLKNSTDVCKIMQYYOW"',
24 silly registry.get     'content-type': 'application/json',
24 silly registry.get     'cache-control': 'max-age=60',
24 silly registry.get     'content-length': '75175',
24 silly registry.get     'accept-ranges': 'bytes',
24 silly registry.get     via: '1.1 varnish',
24 silly registry.get     age: '0',
24 silly registry.get     'x-served-by': 'cache-atl6222-ATL',
24 silly registry.get     'x-cache': 'HIT',
24 silly registry.get     'x-cache-hits': '1',
24 silly registry.get     'x-timer': 'S1417488760.344534,VS0,VE112',
24 silly registry.get     vary: 'Accept',
24 silly registry.get     'keep-alive': 'timeout=10, max=50',
24 silly registry.get     connection: 'Keep-Alive' } ]
25 silly addNameRange number 2 { name: 'protractor', range: '*', hasData: true }
26 silly addNameRange versions [ 'protractor',
26 silly addNameRange   [ '0.1.0',
26 silly addNameRange     '0.1.1',
26 silly addNameRange     '0.1.2',
26 silly addNameRange     '0.1.3',
26 silly addNameRange     '0.2.0',
26 silly addNameRange     '0.2.1',
26 silly addNameRange     '0.3.0',
26 silly addNameRange     '0.4.0',
26 silly addNameRange     '0.4.1',
26 silly addNameRange     '0.5.0',
26 silly addNameRange     '0.6.1',
26 silly addNameRange     '0.7.0',
26 silly addNameRange     '0.8.0',
26 silly addNameRange     '0.9.0',
26 silly addNameRange     '0.10.0',
26 silly addNameRange     '0.11.0',
26 silly addNameRange     '0.12.0',
26 silly addNameRange     '0.12.1',
26 silly addNameRange     '0.13.0',
26 silly addNameRange     '0.14.0',
26 silly addNameRange     '0.15.0',
26 silly addNameRange     '0.16.0',
26 silly addNameRange     '0.16.1',
26 silly addNameRange     '0.17.0',
26 silly addNameRange     '0.18.0',
26 silly addNameRange     '0.18.1',
26 silly addNameRange     '0.19.0',
26 silly addNameRange     '0.20.0',
26 silly addNameRange     '0.20.1',
26 silly addNameRange     '0.21.0',
26 silly addNameRange     '0.22.0',
26 silly addNameRange     '0.23.0',
26 silly addNameRange     '0.23.1',
26 silly addNameRange     '0.24.0',
26 silly addNameRange     '0.24.1',
26 silly addNameRange     '0.24.2',
26 silly addNameRange     '1.0.0-rc1',
26 silly addNameRange     '1.0.0-rc2',
26 silly addNameRange     '1.0.0-rc3',
26 silly addNameRange     '1.0.0-rc4',
26 silly addNameRange     '1.0.0-rc5',
26 silly addNameRange     '1.0.0-rc6',
26 silly addNameRange     '1.0.0',
26 silly addNameRange     '1.1.0',
26 silly addNameRange     '1.1.1',
26 silly addNameRange     '1.2.0-beta1',
26 silly addNameRange     '1.2.0',
26 silly addNameRange     '1.3.0',
26 silly addNameRange     '1.3.1',
26 silly addNameRange     '1.4.0' ] ]
27 verbose addNamed protractor@1.4.0
28 verbose addNamed protractor@1.4.0 not in flight; adding
29 silly addNamed semver.valid 1.4.0
30 silly addNamed semver.validRange 1.4.0
31 verbose addRemoteTarball https://registry.npmjs.org/protractor/-/protractor-1.4.0.tgz not in flight; adding
32 verbose addRemoteTarball [ 'https://registry.npmjs.org/protractor/-/protractor-1.4.0.tgz',
32 verbose addRemoteTarball   '090b11d671a3a4f0a5945f3e3d048c18efbd3435' ]
33 info retry fetch attempt 1 at 21:52:43
34 info attempt registry request try #1 at 21:52:43
35 http fetch GET https://registry.npmjs.org/protractor/-/protractor-1.4.0.tgz
36 http fetch 200 https://registry.npmjs.org/protractor/-/protractor-1.4.0.tgz
37 silly fetchAndShaCheck shasum 090b11d671a3a4f0a5945f3e3d048c18efbd3435
38 verbose addTmpTarball C:\Users\Sean\AppData\Local\Temp\npm-1484-584202c5\registry.npmjs.org\protractor\-\protractor-1.4.0.tgz not in flight; verifying
39 verbose addTmpTarball already have metadata; skipping unpack
40 verbose afterAdd C:\Users\Sean\AppData\Roaming\npm-cache\protractor\1.4.0\package\package.json not in flight; writing
41 silly install resolved [ { name: 'protractor',
41 silly install resolved     description: 'Webdriver E2E test wrapper for Angular.',
41 silly install resolved     homepage: 'https://github.com/angular/protractor',
41 silly install resolved     keywords:
41 silly install resolved      [ 'angular',
41 silly install resolved        'test',
41 silly install resolved        'testing',
41 silly install resolved        'webdriver',
41 silly install resolved        'webdriverjs',
41 silly install resolved        'selenium' ],
41 silly install resolved     author: { name: 'Julie Ralph', email: 'ju.ralph@gmail.com' },
41 silly install resolved     dependencies:
41 silly install resolved      { request: '~2.36.0',
41 silly install resolved        'selenium-webdriver': '2.44.0',
41 silly install resolved        minijasminenode: '1.1.1',
41 silly install resolved        jasminewd: '1.1.0',
41 silly install resolved        saucelabs: '~0.1.0',
41 silly install resolved        glob: '~3.2',
41 silly install resolved        'adm-zip': '0.4.4',
41 silly install resolved        optimist: '~0.6.0',
41 silly install resolved        q: '1.0.0',
41 silly install resolved        lodash: '~2.4.1',
41 silly install resolved        'source-map-support': '~0.2.6' },
41 silly install resolved     devDependencies:
41 silly install resolved      { 'expect.js': '~0.2.0',
41 silly install resolved        chai: '~1.8.1',
41 silly install resolved        'chai-as-promised': '~4.1.0',
41 silly install resolved        'jasmine-reporters': '~0.2.1',
41 silly install resolved        jshint: '2.5.0',
41 silly install resolved        mocha: '1.21.4',
41 silly install resolved        cucumber: '~0.3.3',
41 silly install resolved        express: '~3.3.4',
41 silly install resolved        lodash: '~2.4.1',
41 silly install resolved        rimraf: '~2.2.6' },
41 silly install resolved     repository: { type: 'git', url: 'git://github.com/angular/protractor.git' },
41 silly install resolved     bin:
41 silly install resolved      { protractor: 'bin/protractor',
41 silly install resolved        'webdriver-manager': 'bin/webdriver-manager' },
41 silly install resolved     main: 'lib/protractor.js',
41 silly install resolved     scripts:
41 silly install resolved      { pretest: 'jshint lib spec',
41 silly install resolved        test: 'scripts/test.js',
41 silly install resolved        start: 'testapp/scripts/web-server.js' },
41 silly install resolved     license: 'MIT',
41 silly install resolved     version: '1.4.0',
41 silly install resolved     gitHead: '58197ea68cfdf89771ad326457669e68f8add571',
41 silly install resolved     bugs: { url: 'https://github.com/angular/protractor/issues' },
41 silly install resolved     _id: 'protractor@1.4.0',
41 silly install resolved     _shasum: '090b11d671a3a4f0a5945f3e3d048c18efbd3435',
41 silly install resolved     _from: 'protractor@*',
41 silly install resolved     _npmVersion: '1.4.14',
41 silly install resolved     _npmUser: { name: 'juliemr', email: 'ju.ralph@gmail.com' },
41 silly install resolved     maintainers: [ [Object], [Object] ],
41 silly install resolved     dist:
41 silly install resolved      { shasum: '090b11d671a3a4f0a5945f3e3d048c18efbd3435',
41 silly install resolved        tarball: 'http://registry.npmjs.org/protractor/-/protractor-1.4.0.tgz' },
41 silly install resolved     directories: {},
41 silly install resolved     _resolved: 'https://registry.npmjs.org/protractor/-/protractor-1.4.0.tgz' } ]
42 info install protractor@1.4.0 into c:\Program Files\nodejs
43 info installOne protractor@1.4.0
44 verbose lock using C:\Users\Sean\AppData\Roaming\npm-cache\_locks\protractor-411d2059956a17b2.lock for c:\Program Files\nodejs\node_modules\protractor
45 verbose unbuild node_modules\protractor
46 verbose gentlyRm vacuuming c:\Program Files\nodejs\node_modules\protractor
47 verbose tar unpack C:\Users\Sean\AppData\Roaming\npm-cache\protractor\1.4.0\package.tgz
48 verbose tar unpacking to c:\Program Files\nodejs\node_modules\protractor
49 verbose gentlyRm vacuuming c:\Program Files\nodejs\node_modules\protractor
50 silly gunzTarPerm modes [ '777', '666' ]
51 verbose fstream_path c:\Program Files\nodejs\node_modules\protractor
52 verbose fstream_type Directory
53 verbose fstream_class DirWriter
54 verbose stack Error: EPERM, mkdir 'c:\Program Files\nodejs\node_modules\protractor'
55 verbose fstream_stack c:\Program Files\nodejs\node_modules\npm\node_modules\fstream\lib\dir-writer.js:36:23
55 verbose fstream_stack c:\Program Files\nodejs\node_modules\npm\node_modules\mkdirp\index.js:46:53
55 verbose fstream_stack Object.oncomplete (fs.js:107:15)
56 verbose cwd c:\repos\musicka
57 error Windows_NT 6.2.9200
58 error argv "c:\\Program Files\\nodejs\\node.exe" "c:\\Program Files\\nodejs\\node_modules\\npm\\bin\\npm-cli.js" "install" "-g" "protractor"
59 error node v0.10.32
60 error npm  v2.1.3
61 error path c:\Program Files\nodejs\node_modules\protractor
62 error code EPERM
63 error errno 50
64 error Error: EPERM, mkdir 'c:\Program Files\nodejs\node_modules\protractor'
64 error  { [Error: EPERM, mkdir 'c:\Program Files\nodejs\node_modules\protractor']
64 error   errno: 50,
64 error   code: 'EPERM',
64 error   path: 'c:\\Program Files\\nodejs\\node_modules\\protractor',
64 error   fstream_type: 'Directory',
64 error   fstream_path: 'c:\\Program Files\\nodejs\\node_modules\\protractor',
64 error   fstream_class: 'DirWriter',
64 error   fstream_stack:
64 error    [ 'c:\\Program Files\\nodejs\\node_modules\\npm\\node_modules\\fstream\\lib\\dir-writer.js:36:23',
64 error      'c:\\Program Files\\nodejs\\node_modules\\npm\\node_modules\\mkdirp\\index.js:46:53',
64 error      'Object.oncomplete (fs.js:107:15)' ] }
65 error Please try running this command again as root/Administrator.
66 verbose exit [ 50, true ]
